85424165
642012929
640052334
639313737
196993159
646136490
643646597
645639956
642915496
643709727
644908737
643167460
644194431
641917762
643659140
643699755
643700624
643999250
643933583
644009339
643095864
643369092
642151753
644040102
644419097
642127066
643693040
644738678
641839260
644109786
644888215
643663024
643297199
643861617
643859877
643929528
643866480
644416398
644469388
644697466
643231977
642019121
643583836
642961238
644268704
643830167
644860788
644863102
643162933
642864053
642331910
643315184
643650805
642032842
641544034
644646494
643791882
643976293
643062826
642889765
641919148
641692388
643700356
642334110
643028283
644285238
643928663
643792688
644594476
642985551
643073748
642078064
641506140
641919599
642022312
642120830
643144080
642825641
643391761
643385859
643421438
643648389
644382102
644353889
644496859
643930889
643736888
643793696
644258280
644181995
644141532
644162566
643948791
642158195
641805803
641742544
644893129
642867140
642282246
642985991
